2026-04-18 20:51:27,593  INFO      =================================================================
2026-04-18 20:51:27,593  INFO        Coletor Solar IoT — início: 2026-04-18T20:51:27
2026-04-18 20:51:27,594  INFO        Duração: 45 min | Intervalo: 300 s | DB: solar_telemetry.db
2026-04-18 20:51:27,594  INFO      =================================================================
2026-04-18 20:51:27,597  INFO      Banco de dados inicializado: solar_telemetry.db
2026-04-18 20:51:27,597  INFO      ─────────────────────────────────────────────────────────────────
2026-04-18 20:51:27,597  INFO        Ciclo 1 — 0.0 min decorridos
2026-04-18 20:51:27,597  INFO      ─────────────────────────────────────────────────────────────────
2026-04-18 20:51:27,603  INFO      [inversor] ✔ Salvo   — sn=A2351801217              ts=2026-04-18 20:51:27
2026-04-18 20:51:27,604  INFO      [rele] ✔ Salvo   — sn=releprote_18746927       ts=2026-04-18 20:51:27
2026-04-18 20:51:27,606  INFO      [estacao] ✔ Salvo   — sn=estacao_18746411         ts=2026-04-18 20:51:27
2026-04-18 20:51:27,606  INFO      Próximo ciclo em 300 s …
2026-04-18 20:56:27,609  INFO      ─────────────────────────────────────────────────────────────────
2026-04-18 20:56:27,609  INFO        Ciclo 2 — 5.0 min decorridos
2026-04-18 20:56:27,609  INFO      ─────────────────────────────────────────────────────────────────
2026-04-18 20:56:27,616  INFO      [inversor] ✔ Salvo   — sn=A23518012111             ts=2026-04-18 20:56:27
2026-04-18 20:56:27,621  INFO      [rele] ✔ Salvo   — sn=releprote_18746930       ts=2026-04-18 20:56:27
2026-04-18 20:56:27,628  INFO      [estacao] ✔ Salvo   — sn=estacao_18746410         ts=2026-04-18 20:56:27
2026-04-18 20:56:27,628  INFO      Próximo ciclo em 300 s …
2026-04-18 21:03:32,619  INFO      =================================================================
2026-04-18 21:03:34,222  INFO        Coletor Solar IoT — início: 2026-04-18T21:03:34
2026-04-18 21:03:34,222  INFO        Duração: 45 min | Intervalo: 300 s | DB: solar_telemetry.db
2026-04-18 21:03:34,223  INFO      =================================================================
2026-04-18 21:03:37,089  INFO      Banco de dados inicializado: solar_telemetry.db
2026-04-18 21:03:37,089  INFO      ─────────────────────────────────────────────────────────────────
2026-04-18 21:03:37,089  INFO        Ciclo 1 — 0.0 min decorridos
2026-04-18 21:03:37,089  INFO      ─────────────────────────────────────────────────────────────────
2026-04-18 21:03:37,107  WARNING   [inversor] ✗ Rejeitado — Chaves ausentes: ['tsleitura'] | sn=A2351801219
2026-04-18 21:03:38,225  INFO      [rele] ✔ Salvo   — sn=releprote_18746926       ts=2026-04-18 21:03:38
2026-04-18 21:03:38,228  INFO      [estacao] ✔ Salvo   — sn=estacao_18746411         ts=2026-04-18 21:03:38
2026-04-18 21:03:38,228  INFO      Próximo ciclo em 300 s …
2026-04-18 21:08:38,231  INFO      ─────────────────────────────────────────────────────────────────
2026-04-18 21:08:38,232  INFO        Ciclo 2 — 5.0 min decorridos
2026-04-18 21:08:38,232  INFO      ─────────────────────────────────────────────────────────────────
2026-04-18 21:08:38,239  INFO      [inversor] ✔ Salvo   — sn=A23518012110             ts=2026-04-18 21:08:38
2026-04-18 21:08:38,243  INFO      [rele] ✔ Salvo   — sn=releprote_18746928       ts=2026-04-18 21:08:38
2026-04-18 21:08:38,249  INFO      [estacao] ✔ Salvo   — sn=estacao_18746413         ts=2026-04-18 21:08:38
2026-04-18 21:08:38,249  INFO      Próximo ciclo em 300 s …
2026-04-18 21:13:38,261  INFO      ─────────────────────────────────────────────────────────────────
2026-04-18 21:13:38,261  INFO        Ciclo 3 — 10.0 min decorridos
2026-04-18 21:13:38,261  INFO      ─────────────────────────────────────────────────────────────────
2026-04-18 21:13:38,267  INFO      [inversor] ✔ Salvo   — sn=A2351801217              ts=2026-04-18 21:13:38
2026-04-18 21:13:38,271  INFO      [rele] ✔ Salvo   — sn=releprote_18746928       ts=2026-04-18 21:13:38
2026-04-18 21:13:38,277  INFO      [estacao] ✔ Salvo   — sn=estacao_18746410         ts=2026-04-18 21:13:38
2026-04-18 21:13:38,278  INFO      Próximo ciclo em 300 s …
2026-04-18 21:18:38,282  INFO      ─────────────────────────────────────────────────────────────────
2026-04-18 21:18:38,282  INFO        Ciclo 4 — 15.0 min decorridos
2026-04-18 21:18:38,282  INFO      ─────────────────────────────────────────────────────────────────
2026-04-18 21:18:38,287  WARNING   [inversor] ✗ Rejeitado — Leitura zerada (Pac, Uac e Iac = 0) | sn=A2351801218
2026-04-18 21:18:38,292  INFO      [rele] ✔ Salvo   — sn=releprote_18746926       ts=2026-04-18 21:18:38
2026-04-18 21:18:38,297  INFO      [estacao] ✔ Salvo   — sn=estacao_18746414         ts=2026-04-18 21:18:38
2026-04-18 21:18:38,297  INFO      Próximo ciclo em 300 s …
2026-04-18 21:23:38,298  INFO      ─────────────────────────────────────────────────────────────────
2026-04-18 21:23:38,299  INFO        Ciclo 5 — 20.0 min decorridos
2026-04-18 21:23:38,299  INFO      ─────────────────────────────────────────────────────────────────
2026-04-18 21:23:38,305  INFO      [inversor] ✔ Salvo   — sn=A23518012111             ts=2026-04-18 21:23:38
2026-04-18 21:23:38,309  INFO      [rele] ✔ Salvo   — sn=releprote_18746926       ts=2026-04-18 21:23:38
2026-04-18 21:23:38,315  WARNING   [estacao] ✗ Rejeitado — Chaves ausentes: ['sn'] | sn=?
2026-04-18 21:23:38,316  INFO      Próximo ciclo em 300 s …
2026-04-18 21:28:38,325  INFO      ─────────────────────────────────────────────────────────────────
2026-04-18 21:28:38,325  INFO        Ciclo 6 — 25.0 min decorridos
2026-04-18 21:28:38,325  INFO      ─────────────────────────────────────────────────────────────────
2026-04-18 21:28:38,332  INFO      [inversor] ✔ Salvo   — sn=A23518012110             ts=2026-04-18 21:28:38
2026-04-18 21:28:38,338  INFO      [rele] ✔ Salvo   — sn=releprote_18746929       ts=2026-04-18 21:28:38
2026-04-18 21:28:38,346  INFO      [estacao] ✔ Salvo   — sn=estacao_18746410         ts=2026-04-18 21:28:38
2026-04-18 21:28:38,346  INFO      Próximo ciclo em 300 s …
2026-04-18 21:33:38,355  INFO      ─────────────────────────────────────────────────────────────────
2026-04-18 21:33:38,357  INFO        Ciclo 7 — 30.0 min decorridos
2026-04-18 21:33:38,357  INFO      ─────────────────────────────────────────────────────────────────
2026-04-18 21:33:38,363  INFO      [inversor] ✔ Salvo   — sn=A23518012110             ts=2026-04-18 21:33:38
2026-04-18 21:33:38,367  INFO      [rele] ✔ Salvo   — sn=releprote_18746930       ts=2026-04-18 21:33:38
2026-04-18 21:33:38,374  WARNING   [estacao] ✗ Rejeitado — Valor não conversível para float em 'IrGHI': True (bool) | sn=estacao_18746411
2026-04-18 21:33:38,375  INFO      Próximo ciclo em 300 s …
2026-04-18 21:38:38,384  INFO      ─────────────────────────────────────────────────────────────────
2026-04-18 21:38:38,385  INFO        Ciclo 8 — 35.0 min decorridos
2026-04-18 21:38:38,385  INFO      ─────────────────────────────────────────────────────────────────
2026-04-18 21:38:38,391  INFO      [inversor] ✔ Salvo   — sn=A2351801218              ts=2026-04-18 21:38:38
2026-04-18 21:38:38,395  INFO      [rele] ✔ Salvo   — sn=releprote_18746930       ts=2026-04-18 21:38:38
2026-04-18 21:38:38,401  INFO      [estacao] ✔ Salvo   — sn=estacao_18746411         ts=2026-04-18 21:38:38
2026-04-18 21:38:38,402  INFO      Próximo ciclo em 300 s …
2026-04-18 21:43:38,408  INFO      ─────────────────────────────────────────────────────────────────
2026-04-18 21:43:38,409  INFO        Ciclo 9 — 40.0 min decorridos
2026-04-18 21:43:38,409  INFO      ─────────────────────────────────────────────────────────────────
2026-04-18 21:43:38,415  INFO      [inversor] ✔ Salvo   — sn=A2351801218              ts=2026-04-18 21:43:38
2026-04-18 21:43:38,419  INFO      [rele] ✔ Salvo   — sn=releprote_18746929       ts=2026-04-18 21:43:38
2026-04-18 21:43:38,424  INFO      [estacao] ✔ Salvo   — sn=estacao_18746412         ts=2026-04-18 21:43:38
2026-04-18 21:43:38,425  INFO      Próximo ciclo em 299 s …
2026-04-18 21:48:37,103  INFO      =================================================================
2026-04-18 21:48:37,103  INFO        Coleta encerrada — 45.0 min executados
2026-04-18 21:48:37,103  INFO        Ciclos realizados : 9
2026-04-18 21:48:37,104  INFO        Requisições totais: 27
2026-04-18 21:48:37,104  INFO        ✔  Salvas         : 23  (85%)
2026-04-18 21:48:37,104  INFO        ✗  Rejeitadas     : 4  (15%)
2026-04-18 21:48:37,104  INFO        Banco de dados    : solar_telemetry.db
2026-04-18 21:48:37,104  INFO      =================================================================
